app/build/intermediates/manifest_merge_blame_file/debug/manifest-merger-blame-debug-report.txt
1<?xml version="1.0" encoding="utf-8"?>
2<manifest xmlns:android="http://schemas.android.com/apk/res/android"
3    package="my.project.nostalgia"
4    android:versionCode="1"
5    android:versionName="1.0" >
6
7    <uses-sdk
8        android:minSdkVersion="21"
8-->src\main\AndroidManifest.xml
9        android:targetSdkVersion="30" />
9-->src\main\AndroidManifest.xml
10
11    <uses-permission android:name="android.permission.READ_CONTACTS" />
11-->src\main\AndroidManifest.xml:5:5-71
11-->src\main\AndroidManifest.xml:5:22-69
12    <uses-permission android:name="android.permission.CAMERA" />
12-->src\main\AndroidManifest.xml:6:5-65
12-->src\main\AndroidManifest.xml:6:22-62
13    <uses-permission android:name="android.permission.READ_EXTERNAL_STORAGE" />
13-->src\main\AndroidManifest.xml:7:5-79
13-->src\main\AndroidManifest.xml:7:22-77
14
15    <uses-feature
15-->src\main\AndroidManifest.xml:8:5-9:35
16        android:name="android.hardware.camera2"
16-->src\main\AndroidManifest.xml:8:19-58
17        android:required="false" />
17-->src\main\AndroidManifest.xml:9:9-33
18
19    <application
19-->src\main\AndroidManifest.xml:10:5-62:19
20        android:allowBackup="false"
20-->src\main\AndroidManifest.xml:11:9-36
21        android:appComponentFactory="androidx.core.app.CoreComponentFactory"
21-->[androidx.core:core:1.3.2] AndroidManifest.xml:24:18-86
22        android:debuggable="true"
23        android:fullBackupContent="false"
23-->src\main\AndroidManifest.xml:18:9-42
24        android:fullBackupOnly="false"
24-->src\main\AndroidManifest.xml:17:9-39
25        android:icon="@mipmap/nostalgia_logo"
25-->src\main\AndroidManifest.xml:12:9-46
26        android:label="@string/app_name"
26-->src\main\AndroidManifest.xml:13:9-41
27        android:roundIcon="@mipmap/nostalgia_logo"
27-->src\main\AndroidManifest.xml:14:9-51
28        android:supportsRtl="true"
28-->src\main\AndroidManifest.xml:15:9-35
29        android:testOnly="true"
30        android:theme="@style/Theme.Reminiscence" >
30-->src\main\AndroidManifest.xml:16:9-50
31        <activity
31-->src\main\AndroidManifest.xml:20:9-27:20
32            android:name="my.project.nostalgia.activities.LauncherClassActivity"
32-->src\main\AndroidManifest.xml:21:13-81
33            android:theme="@style/LaunchTheme" >
33-->src\main\AndroidManifest.xml:22:13-47
34            <intent-filter>
34-->src\main\AndroidManifest.xml:23:13-26:29
35                <action android:name="android.intent.action.MAIN" />
35-->src\main\AndroidManifest.xml:24:17-69
35-->src\main\AndroidManifest.xml:24:25-66
36
37                <category android:name="android.intent.category.LAUNCHER" />
37-->src\main\AndroidManifest.xml:25:17-77
37-->src\main\AndroidManifest.xml:25:27-74
38            </intent-filter>
39        </activity>
40        <activity
40-->src\main\AndroidManifest.xml:28:9-32:20
41            android:name="my.project.nostalgia.activities.IntroductionActivity"
41-->src\main\AndroidManifest.xml:29:13-80
42            android:parentActivityName="my.project.nostalgia.activities.LauncherClassActivity"
42-->src\main\AndroidManifest.xml:30:13-95
43            android:theme="@style/Theme.AppCompat.NoActionBar" >
43-->src\main\AndroidManifest.xml:31:13-63
44        </activity>
45        <activity
45-->src\main\AndroidManifest.xml:33:9-42:20
46            android:name="my.project.nostalgia.activities.MemoryListActivity"
46-->src\main\AndroidManifest.xml:34:13-78
47            android:configChanges="screenSize|orientation|keyboardHidden"
47-->src\main\AndroidManifest.xml:36:13-74
48            android:theme="@style/Theme.Reminiscence" >
48-->src\main\AndroidManifest.xml:35:13-54
49            <intent-filter>
49-->src\main\AndroidManifest.xml:37:13-41:29
50                <action android:name="android.intent.action.MAIN" />
50-->src\main\AndroidManifest.xml:24:17-69
50-->src\main\AndroidManifest.xml:24:25-66
51                <action android:name="android.intent.action.SEARCH" />
51-->src\main\AndroidManifest.xml:39:17-70
51-->src\main\AndroidManifest.xml:39:25-68
52
53                <category android:name="android.intent.category.DEFAULT" />
53-->src\main\AndroidManifest.xml:40:17-76
53-->src\main\AndroidManifest.xml:40:27-73
54            </intent-filter>
55        </activity>
56        <activity
56-->src\main\AndroidManifest.xml:43:9-47:20
57            android:name="my.project.nostalgia.activities.UserSettingsActivity"
57-->src\main\AndroidManifest.xml:44:13-80
58            android:configChanges="screenSize|orientation|keyboardHidden"
58-->src\main\AndroidManifest.xml:46:13-74
59            android:parentActivityName="my.project.nostalgia.activities.MemoryListActivity" >
59-->src\main\AndroidManifest.xml:45:13-92
60        </activity>
61        <activity
61-->src\main\AndroidManifest.xml:48:9-52:20
62            android:name="my.project.nostalgia.activities.MemoryPagerActivity"
62-->src\main\AndroidManifest.xml:49:13-79
63            android:configChanges="screenSize|orientation|keyboardHidden"
63-->src\main\AndroidManifest.xml:51:13-74
64            android:parentActivityName="my.project.nostalgia.activities.MemoryListActivity" >
64-->src\main\AndroidManifest.xml:50:13-92
65        </activity>
66
67        <provider
67-->src\main\AndroidManifest.xml:53:9-61:20
68            android:name="androidx.core.content.FileProvider"
68-->src\main\AndroidManifest.xml:54:13-62
69            android:authorities="my.project.nostalgia.fileprovider"
69-->src\main\AndroidManifest.xml:55:13-68
70            android:exported="false"
70-->src\main\AndroidManifest.xml:56:13-37
71            android:grantUriPermissions="true" >
71-->src\main\AndroidManifest.xml:57:13-47
72            <meta-data
72-->src\main\AndroidManifest.xml:58:13-60:48
73                android:name="android.support.FILE_PROVIDER_PATHS"
73-->src\main\AndroidManifest.xml:59:17-67
74                android:resource="@xml/files" />
74-->src\main\AndroidManifest.xml:60:17-46
75        </provider>
76    </application>
77
78</manifest>